<?xml version="1.0" encoding="UTF-8"?>
<!-- Generated by org.testng.reporters.JUnitReportReporter -->
<testsuite hostname="Lokesh" failures="0" tests="1" name="testCases.TC001_AccountRegistrationTest" time="3.740" errors="0" timestamp="2025-07-18T11:38:56 IST" skipped="0">
  <testcase classname="testCases.TC001_AccountRegistrationTest" name="verify_account_registration" time="3.740"/>
</testsuite> <!-- testCases.TC001_AccountRegistrationTest -->
